2019-11-02 16:53:36 INFO  JMeterUtils:366 - Setting Locale to en_IN
2019-11-02 16:53:36 INFO  JMeter:732 - Loading user properties from: user.properties
2019-11-02 16:53:36 INFO  JMeter:748 - Loading system properties from: system.properties
2019-11-02 16:53:36 INFO  JMeter:448 - Copyright (c) 1998-2017 The Apache Software Foundation
2019-11-02 16:53:36 INFO  JMeter:449 - Version 3.4-SNAPSHOT.20191102
2019-11-02 16:53:36 INFO  JMeter:450 - java.version=1.8.0_161
2019-11-02 16:53:36 INFO  JMeter:451 - java.vm.name=Java HotSpot(TM) Server VM
2019-11-02 16:53:36 INFO  JMeter:452 - os.name=Windows 10
2019-11-02 16:53:36 INFO  JMeter:453 - os.arch=x86
2019-11-02 16:53:36 INFO  JMeter:454 - os.version=10.0
2019-11-02 16:53:36 INFO  JMeter:455 - file.encoding=Cp1252
2019-11-02 16:53:36 INFO  JMeter:456 - Max memory     =536870912
2019-11-02 16:53:36 INFO  JMeter:457 - Available Processors =8
2019-11-02 16:53:36 INFO  JMeter:458 - Default Locale=English (India)
2019-11-02 16:53:36 INFO  JMeter:459 - JMeter  Locale=English (India)
2019-11-02 16:53:36 INFO  JMeter:460 - JMeterHome=I:\UtilWorkspace\jmeter
2019-11-02 16:53:36 INFO  JMeter:461 - user.dir  =I:\UtilWorkspace\jmeter\bin
2019-11-02 16:53:36 INFO  JMeter:462 - PWD       =I:\UtilWorkspace\jmeter\bin
2019-11-02 16:53:36 INFO  JMeter:463 - IP: 192.168.99.1 Name: Vamsijutto FullName: Vamsijutto
2019-11-02 16:53:37 INFO  LookAndFeelCommand:67 - Using look and feel: com.sun.java.swing.plaf.windows.WindowsLookAndFeel [Windows, System]
2019-11-02 16:53:37 INFO  JMeter:358 - Setting LAF to: com.sun.java.swing.plaf.windows.WindowsLookAndFeel
2019-11-02 16:53:37 INFO  JMeter:1261 - Loaded icon properties from org/apache/jmeter/images/icon.properties
2019-11-02 16:53:39 INFO  CompoundVariable:66 - Note: Function class names must contain the string: '.functions.'
2019-11-02 16:53:39 INFO  CompoundVariable:69 - Note: Function class names must not contain the string: '.gui.'
2019-11-02 16:53:42 INFO  MenuFactory:491 - Skipping org.apache.jmeter.assertions.BSFAssertion
2019-11-02 16:53:43 INFO  MenuFactory:491 - Skipping org.apache.jmeter.extractor.BSFPostProcessor
2019-11-02 16:53:43 INFO  MenuFactory:491 - Skipping org.apache.jmeter.modifiers.BSFPreProcessor
2019-11-02 16:53:43 INFO  HTTPSamplerBase:321 - Parser for text/html is org.apache.jmeter.protocol.http.parser.LagartoBasedHtmlParser
2019-11-02 16:53:43 INFO  HTTPSamplerBase:321 - Parser for application/xhtml+xml is org.apache.jmeter.protocol.http.parser.LagartoBasedHtmlParser
2019-11-02 16:53:43 INFO  HTTPSamplerBase:321 - Parser for application/xml is org.apache.jmeter.protocol.http.parser.LagartoBasedHtmlParser
2019-11-02 16:53:43 INFO  HTTPSamplerBase:321 - Parser for text/xml is org.apache.jmeter.protocol.http.parser.LagartoBasedHtmlParser
2019-11-02 16:53:43 INFO  HTTPSamplerBase:321 - Parser for text/vnd.wap.wml is org.apache.jmeter.protocol.http.parser.RegexpHTMLParser
2019-11-02 16:53:43 INFO  HTTPSamplerBase:321 - Parser for text/css is org.apache.jmeter.protocol.http.parser.CssParser
2019-11-02 16:53:44 INFO  KeyToolUtils:109 - keytool found at 'keytool'
2019-11-02 16:53:44 INFO  ProxyControl:252 - HTTP(S) Test Script Recorder SSL Proxy will use keys that support embedded 3rd party resources in file I:\UtilWorkspace\jmeter\bin\proxyserver.jks
2019-11-02 16:53:44 INFO  MenuFactory:491 - Skipping org.apache.jmeter.protocol.java.sampler.BSFSampler
2019-11-02 16:53:44 INFO  FileServer:92 - Default base='I:\UtilWorkspace\jmeter\bin'
2019-11-02 16:53:44 INFO  MenuFactory:491 - Skipping org.apache.jmeter.protocol.mongodb.config.MongoSourceElement
2019-11-02 16:53:44 INFO  MenuFactory:491 - Skipping org.apache.jmeter.protocol.mongodb.sampler.MongoScriptSampler
2019-11-02 16:53:45 INFO  MenuFactory:491 - Skipping org.apache.jmeter.timers.BSFTimer
2019-11-02 16:53:45 INFO  MenuFactory:491 - Skipping org.apache.jmeter.visualizers.BSFListener
2019-11-02 16:53:45 INFO  SampleResult:146 - Note: Sample TimeStamps are START times
2019-11-02 16:53:45 INFO  SampleResult:150 - sampleresult.default.encoding is set to ISO-8859-1
2019-11-02 16:53:45 INFO  SampleResult:151 - sampleresult.useNanoTime=true
2019-11-02 16:53:45 INFO  SampleResult:152 - sampleresult.nanoThreadSleep=5000
