2019-11-02 15:53:32 INFO  JMeterUtils:366 - Setting Locale to en_IN
2019-11-02 15:53:32 INFO  JMeter:732 - Loading user properties from: I:\UtilWorkspace\jmeter\bin\user.properties
2019-11-02 15:53:32 INFO  JMeter:748 - Loading system properties from: I:\UtilWorkspace\jmeter\bin\system.properties
2019-11-02 15:53:32 INFO  JMeter:448 - Copyright (c) 1998-2017 The Apache Software Foundation
2019-11-02 15:53:32 INFO  JMeter:449 - Version 3.4-SNAPSHOT
2019-11-02 15:53:32 INFO  JMeter:450 - java.version=1.8.0_161
2019-11-02 15:53:32 INFO  JMeter:451 - java.vm.name=Java HotSpot(TM) Client VM
2019-11-02 15:53:32 INFO  JMeter:452 - os.name=Windows 10
2019-11-02 15:53:32 INFO  JMeter:453 - os.arch=x86
2019-11-02 15:53:32 INFO  JMeter:454 - os.version=10.0
2019-11-02 15:53:32 INFO  JMeter:455 - file.encoding=Cp1252
2019-11-02 15:53:32 INFO  JMeter:456 - Max memory     =259522560
2019-11-02 15:53:32 INFO  JMeter:457 - Available Processors =8
2019-11-02 15:53:32 INFO  JMeter:458 - Default Locale=English (India)
2019-11-02 15:53:32 INFO  JMeter:459 - JMeter  Locale=English (India)
2019-11-02 15:53:32 INFO  JMeter:460 - JMeterHome=I:\UtilWorkspace\jmeter\
2019-11-02 15:53:32 INFO  JMeter:461 - user.dir  =I:\UtilWorkspace\jmeter
2019-11-02 15:53:32 INFO  JMeter:462 - PWD       =I:\UtilWorkspace\jmeter
2019-11-02 15:53:37 INFO  JMeter:463 - IP: 192.168.99.1 Name: Vamsijutto FullName: Vamsijutto
2019-11-02 15:53:37 INFO  LookAndFeelCommand:67 - Using look and feel: com.sun.java.swing.plaf.windows.WindowsLookAndFeel [Windows, System]
2019-11-02 15:53:37 INFO  JMeter:358 - Setting LAF to: com.sun.java.swing.plaf.windows.WindowsLookAndFeel
2019-11-02 15:53:37 INFO  JMeter:1261 - Loaded icon properties from org/apache/jmeter/images/icon.properties
2019-11-02 15:53:38 INFO  CompoundVariable:66 - Note: Function class names must contain the string: '.functions.'
2019-11-02 15:53:38 INFO  CompoundVariable:69 - Note: Function class names must not contain the string: '.gui.'
2019-11-02 15:53:39 INFO  MenuFactory:491 - Skipping org.apache.jmeter.assertions.BSFAssertion
2019-11-02 15:53:39 INFO  MenuFactory:491 - Skipping org.apache.jmeter.extractor.BSFPostProcessor
2019-11-02 15:53:39 INFO  MenuFactory:491 - Skipping org.apache.jmeter.modifiers.BSFPreProcessor
2019-11-02 15:53:39 INFO  HTTPSamplerBase:321 - Parser for text/html is org.apache.jmeter.protocol.http.parser.LagartoBasedHtmlParser
2019-11-02 15:53:39 INFO  HTTPSamplerBase:321 - Parser for application/xhtml+xml is org.apache.jmeter.protocol.http.parser.LagartoBasedHtmlParser
2019-11-02 15:53:39 INFO  HTTPSamplerBase:321 - Parser for application/xml is org.apache.jmeter.protocol.http.parser.LagartoBasedHtmlParser
2019-11-02 15:53:39 INFO  HTTPSamplerBase:321 - Parser for text/xml is org.apache.jmeter.protocol.http.parser.LagartoBasedHtmlParser
2019-11-02 15:53:39 INFO  HTTPSamplerBase:321 - Parser for text/vnd.wap.wml is org.apache.jmeter.protocol.http.parser.RegexpHTMLParser
2019-11-02 15:53:39 INFO  HTTPSamplerBase:321 - Parser for text/css is org.apache.jmeter.protocol.http.parser.CssParser
2019-11-02 15:53:39 INFO  KeyToolUtils:109 - keytool found at 'keytool'
2019-11-02 15:53:39 INFO  ProxyControl:252 - HTTP(S) Test Script Recorder SSL Proxy will use keys that support embedded 3rd party resources in file I:\UtilWorkspace\jmeter\bin\proxyserver.jks
2019-11-02 15:53:40 INFO  MenuFactory:491 - Skipping org.apache.jmeter.protocol.java.sampler.BSFSampler
2019-11-02 15:53:40 INFO  FileServer:92 - Default base='I:\UtilWorkspace\jmeter'
2019-11-02 15:53:40 INFO  MenuFactory:491 - Skipping org.apache.jmeter.protocol.mongodb.config.MongoSourceElement
2019-11-02 15:53:40 INFO  MenuFactory:491 - Skipping org.apache.jmeter.protocol.mongodb.sampler.MongoScriptSampler
2019-11-02 15:53:40 INFO  MenuFactory:491 - Skipping org.apache.jmeter.timers.BSFTimer
2019-11-02 15:53:40 INFO  MenuFactory:491 - Skipping org.apache.jmeter.visualizers.BSFListener
2019-11-02 15:53:40 INFO  SampleResult:146 - Note: Sample TimeStamps are START times
2019-11-02 15:53:40 INFO  SampleResult:150 - sampleresult.default.encoding is set to ISO-8859-1
2019-11-02 15:53:40 INFO  SampleResult:151 - sampleresult.useNanoTime=true
2019-11-02 15:53:40 INFO  SampleResult:152 - sampleresult.nanoThreadSleep=5000
2019-11-02 15:54:02 INFO  Load:123 - Loading file: I:\UtilWorkspace\jmeter\bin\Thread Group.jmx
2019-11-02 15:54:02 INFO  FileServer:162 - Set new base='I:\UtilWorkspace\jmeter\bin'
2019-11-02 15:54:02 INFO  SaveService:163 - Testplan (JMX) version: 2.2. Testlog (JTL) version: 2.2
2019-11-02 15:54:02 INFO  SaveService:233 - Using SaveService properties file encoding UTF-8
2019-11-02 15:54:02 INFO  SaveService:227 - Using SaveService properties version 3.4
2019-11-02 15:54:02 INFO  SaveService:421 - Loading file: I:\UtilWorkspace\jmeter\bin\Thread Group.jmx
2019-11-02 15:54:02 INFO  FileServer:127 - Set new base='I:\UtilWorkspace\jmeter\bin'
2019-11-02 15:54:05 INFO  StandardJMeterEngine:354 - Running the test!
2019-11-02 15:54:05 INFO  SampleEvent:64 - List of sample_variables: []
2019-11-02 15:54:05 INFO  SampleEvent:64 - List of sample_variables: []
2019-11-02 15:54:05 INFO  JMeterMenuBar:610 - setRunning(true, *local*)
2019-11-02 15:54:06 INFO  StandardJMeterEngine:452 - Starting ThreadGroup: 1 : Thread Group
2019-11-02 15:54:06 INFO  StandardJMeterEngine:512 - Starting 1 threads for group Thread Group.
2019-11-02 15:54:06 INFO  StandardJMeterEngine:523 - Thread will continue on error
2019-11-02 15:54:06 INFO  ThreadGroup:231 - Starting thread group... number=1 threads=1 ramp-up=1 perThread=1000.0 delayedStart=false
2019-11-02 15:54:06 INFO  ThreadGroup:245 - Started thread group number 1
2019-11-02 15:54:06 INFO  StandardJMeterEngine:463 - All thread groups have been started
2019-11-02 15:54:06 INFO  JMeterThread:627 - Thread started: Thread Group 1-1
2019-11-02 15:54:06 INFO  HTTPJavaImpl:73 - Maximum connection retries = 0
2019-11-02 15:54:06 INFO  HTTPJavaImpl:74 - Enable HTTP Encryption = true
2019-11-02 15:54:06 INFO  HTTPJavaImpl:100 - Created EncryptedPostWriter : 
2019-11-02 15:54:11 INFO  HTTPJavaImpl:125 - Created sendPostData : 
2019-11-02 15:54:16 INFO  EncryptedPostWriter:172 - formDataUrlEncoded ==========================> {
   "reason" : "INVALID_USER_AUTHENTICATION",
   "message" : "Failed to authenticate principal, password was invalid"
} 
2019-11-02 15:55:44 INFO  JMeterThread:281 - Thread is done: Thread Group 1-1
2019-11-02 15:55:44 INFO  JMeterThread:310 - Thread finished: Thread Group 1-1
2019-11-02 15:55:44 INFO  StandardJMeterEngine:223 - Notifying test listeners of end of test
2019-11-02 15:55:44 INFO  JMeterMenuBar:610 - setRunning(false, *local*)
2019-11-02 15:55:49 INFO  StandardJMeterEngine:354 - Running the test!
2019-11-02 15:55:49 INFO  SampleEvent:64 - List of sample_variables: []
2019-11-02 15:55:49 INFO  JMeterMenuBar:610 - setRunning(true, *local*)
2019-11-02 15:55:49 INFO  StandardJMeterEngine:452 - Starting ThreadGroup: 1 : Thread Group
2019-11-02 15:55:49 INFO  StandardJMeterEngine:512 - Starting 1 threads for group Thread Group.
2019-11-02 15:55:49 INFO  StandardJMeterEngine:523 - Thread will continue on error
2019-11-02 15:55:49 INFO  ThreadGroup:231 - Starting thread group... number=1 threads=1 ramp-up=1 perThread=1000.0 delayedStart=false
2019-11-02 15:55:49 INFO  ThreadGroup:245 - Started thread group number 1
2019-11-02 15:55:49 INFO  StandardJMeterEngine:463 - All thread groups have been started
2019-11-02 15:55:49 INFO  JMeterThread:627 - Thread started: Thread Group 1-1
2019-11-02 15:55:49 INFO  HTTPJavaImpl:100 - Created EncryptedPostWriter : 
